app/build/intermediates/manifest_merge_blame_file/debug/manifest-merger-blame-debug-report.txt
1<?xml version="1.0" encoding="utf-8"?>
2<!--
3/*
4 * Copyright 2010 Google Inc.
5 *
6 * Licensed under the Apache License, Version 2.0 (the "License");
7 * you may not use this file except in compliance with the License.
8 * You may obtain a copy of the License at
9 *
10 *      http://www.apache.org/licenses/LICENSE-2.0
11 *
12 * Unless required by applicable law or agreed to in writing, software
13 * distributed under the License is distributed on an "AS IS" BASIS,
14 * WITHOUT WARRANTIES OR CONDITIONS OF ANY KIND, either express or implied.
15 * See the License for the specific language governing permissions and
16 * limitations under the License.
17 */
18-->
19<manifest xmlns:android="http://schemas.android.com/apk/res/android"
20    package="com.googlecode.tcime.unofficial" >
21
22    <uses-sdk
23        android:minSdkVersion="23"
24        android:targetSdkVersion="34" />
25
26    <uses-permission android:name="android.permission.VIBRATE" />
26-->src/main/AndroidManifest.xml:20:5-66
26-->src/main/AndroidManifest.xml:20:22-63
27    <uses-permission android:name="android.permission.READ_USER_DICTIONARY" />
27-->src/main/AndroidManifest.xml:21:5-79
27-->src/main/AndroidManifest.xml:21:22-76
28
29    <application
29-->src/main/AndroidManifest.xml:23:5-67:19
30        android:debuggable="true"
31        android:extractNativeLibs="false"
32        android:icon="@drawable/icon"
32-->src/main/AndroidManifest.xml:24:9-38
33        android:label="@string/ime_name" >
33-->src/main/AndroidManifest.xml:25:9-41
34        <service
34-->src/main/AndroidManifest.xml:26:9-37:19
35            android:name="com.googlecode.tcime.unofficial.ZhuyinIME"
35-->src/main/AndroidManifest.xml:27:13-37
36            android:exported="true"
36-->src/main/AndroidManifest.xml:28:13-36
37            android:label="@string/zhuyin_ime_name"
37-->src/main/AndroidManifest.xml:29:13-52
38            android:permission="android.permission.BIND_INPUT_METHOD" >
38-->src/main/AndroidManifest.xml:30:13-70
39            <intent-filter>
39-->src/main/AndroidManifest.xml:31:13-33:29
40                <action android:name="android.view.InputMethod" />
40-->src/main/AndroidManifest.xml:32:17-67
40-->src/main/AndroidManifest.xml:32:25-64
41            </intent-filter>
42
43            <meta-data
43-->src/main/AndroidManifest.xml:34:13-36:50
44                android:name="android.view.im"
44-->src/main/AndroidManifest.xml:35:17-47
45                android:resource="@xml/method" />
45-->src/main/AndroidManifest.xml:36:17-47
46        </service>
47        <service
47-->src/main/AndroidManifest.xml:39:9-50:19
48            android:name="com.googlecode.tcime.unofficial.CangjieIME"
48-->src/main/AndroidManifest.xml:40:13-38
49            android:exported="true"
49-->src/main/AndroidManifest.xml:41:13-36
50            android:label="@string/cangjie_ime_name"
50-->src/main/AndroidManifest.xml:42:13-53
51            android:permission="android.permission.BIND_INPUT_METHOD" >
51-->src/main/AndroidManifest.xml:43:13-70
52            <intent-filter>
52-->src/main/AndroidManifest.xml:31:13-33:29
53                <action android:name="android.view.InputMethod" />
53-->src/main/AndroidManifest.xml:32:17-67
53-->src/main/AndroidManifest.xml:32:25-64
54            </intent-filter>
55
56            <meta-data
56-->src/main/AndroidManifest.xml:34:13-36:50
57                android:name="android.view.im"
57-->src/main/AndroidManifest.xml:35:17-47
58                android:resource="@xml/method" />
58-->src/main/AndroidManifest.xml:36:17-47
59        </service>
60
61        <activity
61-->src/main/AndroidManifest.xml:52:9-59:20
62            android:name="com.googlecode.tcime.unofficial.ImePreferenceActivity"
62-->src/main/AndroidManifest.xml:53:13-49
63            android:exported="true"
63-->src/main/AndroidManifest.xml:54:13-36
64            android:label="@string/ime_name" >
64-->src/main/AndroidManifest.xml:55:13-45
65            <intent-filter>
65-->src/main/AndroidManifest.xml:56:13-58:29
66                <action android:name="android.intent.action.MAIN" />
66-->src/main/AndroidManifest.xml:57:17-69
66-->src/main/AndroidManifest.xml:57:25-66
67            </intent-filter>
68        </activity>
69        <activity
69-->src/main/AndroidManifest.xml:61:9-63:56
70            android:name="com.googlecode.tcime.unofficial.BarcodeScannerActivity"
70-->src/main/AndroidManifest.xml:62:13-50
71            android:label="@string/menu_barcodescan" />
71-->src/main/AndroidManifest.xml:63:13-53
72        <activity
72-->src/main/AndroidManifest.xml:64:9-66:55
73            android:name="com.googlecode.tcime.unofficial.VoiceRecognitionActivity"
73-->src/main/AndroidManifest.xml:65:13-52
74            android:label="@string/menu_voiceinput" />
74-->src/main/AndroidManifest.xml:66:13-52
75    </application>
76
77</manifest>